Fri Feb 24 14:53:09 2017


FIT:    data read from "a2_q2.dat"
        format = z
        x range restricted to [9150.00 : 20000.0]
        #datapoints = 10850
        residuals are weighted equally (unit weight)

function used for fitting: f(x)
	f(x)=A*(x**(-m))
fitted parameters initialized with current variable values

iter      chisq       delta/lim  lambda   A             m            
   0 1.0282433207e-04   0.00e+00  2.95e-03    1.000000e-02   1.500000e-01
   3 6.6138044965e-05  -1.51e-04  2.95e-06    9.838805e-03   1.508829e-01

After 3 iterations the fit converged.
final sum of squares of residuals : 6.6138e-05
rel. change during last iteration : -1.51346e-09

degrees of freedom    (FIT_NDF)                        : 10848
rms of residuals      (FIT_STDFIT) = sqrt(WSSR/ndf)    : 7.8082e-05
variance of residuals (reduced chisquare) = WSSR/ndf   : 6.0968e-09

Final set of parameters            Asymptotic Standard Error
=======================            ==========================
A               = 0.00983881       +/- 0.0001352    (1.374%)
m               = 0.150883         +/- 0.00144      (0.9542%)

correlation matrix of the fit parameters:
                A      m      
A               1.000 
m               1.000  1.000 
